\BOOKMARK [0][-]{chapter.1}{\376\377\000T\000h\000i\000s\000\040\000W\000e\000b\000s\000i\000t\000e}{}% 1
\BOOKMARK [0][-]{chapter.2}{\376\377\000C\000o\000u\000r\000s\000e\000\040\000S\000c\000h\000e\000d\000u\000l\000e}{}% 2
\BOOKMARK [0][-]{chapter.3}{\376\377\000A\000s\000s\000i\000g\000n\000m\000e\000n\000t\000s}{}% 3
\BOOKMARK [0][-]{chapter.4}{\376\377\000E\000x\000a\000m\000s}{}% 4
\BOOKMARK [0][-]{chapter.5}{\376\377\000R\000e\000s\000o\000u\000r\000c\000e\000s}{}% 5
\BOOKMARK [1][-]{section.5.1}{\376\377\000B\000o\000o\000k\000s}{chapter.5}% 6
\BOOKMARK [1][-]{section.5.2}{\376\377\000M\000o\000l\000e\000c\000u\000l\000a\000r\000\040\000N\000a\000n\000o\000p\000h\000o\000t\000o\000n\000i\000c\000s\000\040\000G\000r\000o\000u\000p}{chapter.5}% 7
\BOOKMARK [0][-]{chapter.6}{\376\377\000I\000n\000s\000t\000r\000u\000c\000t\000o\000r\000s}{}% 8
\BOOKMARK [0][-]{chapter.7}{\376\377\000O\000v\000e\000r\000v\000i\000e\000w}{}% 9
\BOOKMARK [1][-]{section.7.1}{\376\377\000L\000e\000c\000t\000u\000r\000e\000\040\000C\000o\000n\000t\000e\000n\000t\000s}{chapter.7}% 10
\BOOKMARK [0][-]{chapter.8}{\376\377\000I\000n\000t\000r\000o\000d\000u\000c\000t\000i\000o\000n\000\040\000t\000o\000\040\000J\000u\000p\000y\000t\000e\000r}{}% 11
\BOOKMARK [1][-]{section.8.1}{\376\377\000W\000h\000a\000t\000\040\000i\000s\000\040\000J\000u\000p\000y\000t\000e\000r\000\040\000N\000o\000t\000e\000b\000o\000o\000k\000?}{chapter.8}% 12
\BOOKMARK [1][-]{section.8.2}{\376\377\000N\000o\000t\000e\000b\000o\000o\000k\000\040\000e\000d\000i\000t\000o\000r}{chapter.8}% 13
\BOOKMARK [1][-]{section.8.3}{\376\377\000K\000e\000r\000n\000e\000l\000s}{chapter.8}% 14
\BOOKMARK [1][-]{section.8.4}{\376\377\000N\000o\000t\000e\000b\000o\000o\000k\000\040\000d\000o\000c\000u\000m\000e\000n\000t\000s}{chapter.8}% 15
\BOOKMARK [0][-]{chapter.9}{\376\377\000N\000o\000t\000e\000b\000o\000o\000k\000\040\000e\000d\000i\000t\000o\000r}{}% 16
\BOOKMARK [1][-]{section.9.1}{\376\377\000E\000d\000i\000t\000\040\000m\000o\000d\000e}{chapter.9}% 17
\BOOKMARK [1][-]{section.9.2}{\376\377\000C\000o\000m\000m\000a\000n\000d\000\040\000m\000o\000d\000e}{chapter.9}% 18
\BOOKMARK [1][-]{section.9.3}{\376\377\000K\000e\000y\000b\000o\000a\000r\000d\000\040\000n\000a\000v\000i\000g\000a\000t\000i\000o\000n}{chapter.9}% 19
\BOOKMARK [1][-]{section.9.4}{\376\377\000R\000u\000n\000n\000i\000n\000g\000\040\000c\000o\000d\000e}{chapter.9}% 20
\BOOKMARK [1][-]{section.9.5}{\376\377\000M\000a\000n\000a\000g\000i\000n\000g\000\040\000t\000h\000e\000\040\000k\000e\000r\000n\000e\000l}{chapter.9}% 21
\BOOKMARK [0][-]{chapter.10}{\376\377\000E\000n\000t\000e\000r\000i\000n\000g\000\040\000c\000o\000d\000e}{}% 22
\BOOKMARK [0][-]{chapter.11}{\376\377\000E\000n\000t\000e\000r\000i\000n\000g\000\040\000M\000a\000r\000k\000d\000o\000w\000n}{}% 23
\BOOKMARK [1][-]{section.11.1}{\376\377\000M\000a\000r\000k\000d\000o\000w\000n\000\040\000b\000a\000s\000i\000c\000s}{chapter.11}% 24
\BOOKMARK [1][-]{section.11.2}{\376\377\000H\000e\000a\000d\000i\000n\000g\000s}{chapter.11}% 25
\BOOKMARK [1][-]{section.11.3}{\376\377\000E\000m\000b\000e\000d\000d\000e\000d\000\040\000c\000o\000d\000e}{chapter.11}% 26
\BOOKMARK [1][-]{section.11.4}{\376\377\000L\000a\000T\000e\000X\000\040\000e\000q\000u\000a\000t\000i\000o\000n\000s}{chapter.11}% 27
\BOOKMARK [1][-]{section.11.5}{\376\377\000I\000m\000a\000g\000e\000s}{chapter.11}% 28
\BOOKMARK [1][-]{section.11.6}{\376\377\000V\000i\000d\000e\000o\000s}{chapter.11}% 29
\BOOKMARK [0][-]{chapter.12}{\376\377\000L\000e\000c\000t\000u\000r\000e\000\040\000C\000o\000n\000t\000e\000n\000t\000s}{}% 30
\BOOKMARK [0][-]{chapter.13}{\376\377\000G\000e\000o\000m\000e\000t\000r\000i\000c\000a\000l\000\040\000O\000p\000t\000i\000c\000s}{}% 31
\BOOKMARK [1][-]{section.13.1}{\376\377\000A\000s\000s\000u\000m\000p\000t\000i\000o\000n\000s}{chapter.13}% 32
\BOOKMARK [0][-]{chapter.14}{\376\377\000R\000e\000f\000l\000e\000c\000t\000i\000o\000n}{}% 33
\BOOKMARK [1][-]{section.14.1}{\376\377\000L\000a\000w\000\040\000o\000f\000\040\000R\000e\000f\000l\000e\000c\000t\000i\000o\000n}{chapter.14}% 34
\BOOKMARK [1][-]{section.14.2}{\376\377\000F\000e\000r\000m\000a\000t\040\031\000s\000\040\000P\000r\000i\000n\000c\000i\000p\000l\000e}{chapter.14}% 35
\BOOKMARK [0][-]{chapter.15}{\376\377\000R\000e\000f\000r\000a\000c\000t\000i\000o\000n}{}% 36
\BOOKMARK [1][-]{section.15.1}{\376\377\000R\000e\000f\000r\000a\000c\000t\000i\000v\000e\000\040\000I\000n\000d\000e\000x}{chapter.15}% 37
\BOOKMARK [1][-]{section.15.2}{\376\377\000S\000n\000e\000l\000l\000s\000\040\000L\000a\000w}{chapter.15}% 38
\BOOKMARK [1][-]{section.15.3}{\376\377\000T\000o\000t\000a\000l\000\040\000I\000n\000t\000e\000r\000n\000a\000l\000\040\000R\000e\000f\000l\000e\000c\000t\000i\000o\000n}{chapter.15}% 39
\BOOKMARK [0][-]{chapter.16}{\376\377\000E\000X\000P\0003\000\040\000S\000n\000i\000p\000p\000e\000t\000s\000\040\040\023\000\040\000R\000e\000f\000r\000a\000c\000t\000i\000o\000n\000\040\000E\000x\000p\000l\000o\000r\000e\000r}{}% 40
\BOOKMARK [0][-]{chapter.17}{\376\377\000I\000n\000d\000i\000c\000e\000s\000\040\000a\000n\000d\000\040\000t\000a\000b\000l\000e\000s}{}% 41
